<?xml version="1.0" encoding="UTF-8"?>
<!-- Generated by org.testng.reporters.JUnitReportReporter -->
<testsuite hostname="DESKTOP-QVM6J4J" failures="0" tests="3" name="com.Testautomation.TestAutomation_S2" time="0.012" errors="0" timestamp="2023-08-08T08:59:30 IST" skipped="0">
  <testcase classname="com.Testautomation.TestAutomation_S2" name="test3" time="0.003"/>
  <system-out/>
  <testcase classname="com.Testautomation.TestAutomation_S2" name="test2" time="0.002"/>
  <system-out/>
  <testcase classname="com.Testautomation.TestAutomation_S2" name="test1" time="0.007"/>
  <system-out/>
</testsuite> <!-- com.Testautomation.TestAutomation_S2 -->
