<?xml version="1.0" encoding="UTF-8"?>
<!-- Generated by org.testng.reporters.JUnitReportReporter -->
<testsuite hostname="DESKTOP-QVM6J4J" failures="0" tests="3" name="com.Testautomation.TestAutomation_S4" time="62.755" errors="0" timestamp="2023-08-08T09:25:37 IST" skipped="0">
  <testcase classname="com.Testautomation.TestAutomation_S4" name="abc" time="21.480"/>
  <system-out/>
  <testcase classname="com.Testautomation.TestAutomation_S4" name="xyz" time="21.234"/>
  <system-out/>
  <testcase classname="com.Testautomation.TestAutomation_S4" name="pqr" time="20.041"/>
  <system-out/>
</testsuite> <!-- com.Testautomation.TestAutomation_S4 -->
