<?xml version="1.0" encoding="UTF-8"?>
<!-- Generated by org.testng.reporters.JUnitReportReporter -->
<testsuite hostname="DESKTOP-QVM6J4J" failures="0" tests="2" name="com.Testautomation.TestAutomation_S4" time="41.318" errors="0" timestamp="2023-08-09T09:26:55 IST" skipped="0">
  <testcase classname="com.Testautomation.TestAutomation_S4" name="xyz" time="19.379"/>
  <system-out/>
  <testcase classname="com.Testautomation.TestAutomation_S4" name="pqr" time="21.939"/>
  <system-out/>
</testsuite> <!-- com.Testautomation.TestAutomation_S4 -->
