<?xml version="1.0" encoding="UTF-8"?>
<!-- Generated by org.testng.reporters.JUnitReportReporter -->
<testsuite hostname="DESKTOP-QVM6J4J" failures="0" tests="4" name="com.Testautomation.TestAutomation_S7" time="0.004" errors="0" timestamp="2023-08-10T09:22:30 IST" skipped="0">
  <testcase classname="com.Testautomation.TestAutomation_S7" name="p3" time="0.001"/>
  <system-out/>
  <testcase classname="com.Testautomation.TestAutomation_S7" name="p4" time="0.001"/>
  <system-out/>
  <testcase classname="com.Testautomation.TestAutomation_S7" name="p2" time="0.001"/>
  <system-out/>
  <testcase classname="com.Testautomation.TestAutomation_S7" name="p1" time="0.001"/>
  <system-out/>
</testsuite> <!-- com.Testautomation.TestAutomation_S7 -->
