<?xml version="1.0" encoding="UTF-8"?>
<!-- Generated by org.testng.reporters.JUnitReportReporter -->
<testsuite hostname="DESKTOP-QVM6J4J" failures="0" tests="1" name="com.Testautomation.TestAutomation_S10" time="6.540" errors="0" timestamp="2023-08-12T09:19:00 IST" skipped="0">
  <testcase classname="com.Testautomation.TestAutomation_S10" name="verify_TC003" time="6.540"/>
  <system-out/>
</testsuite> <!-- com.Testautomation.TestAutomation_S10 -->
