<?xml version="1.0" encoding="UTF-8"?>
<!-- Generated by org.testng.reporters.JUnitReportReporter -->
<testsuite hostname="DESKTOP-QVM6J4J" failures="0" tests="3" name="com.Testautomation.TestAutomation_S1" time="0.113" errors="0" timestamp="2023-08-10T09:18:05 IST" skipped="0">
  <testcase classname="com.Testautomation.TestAutomation_S1" name="verifyTest3" time="0.000"/>
  <system-out/>
  <testcase classname="com.Testautomation.TestAutomation_S1" name="verifyTest1" time="0.113"/>
  <system-out/>
  <testcase classname="com.Testautomation.TestAutomation_S1" name="verifyTest2" time="0.000"/>
  <system-out/>
</testsuite> <!-- com.Testautomation.TestAutomation_S1 -->
