<?xml version="1.0" encoding="UTF-8"?>
<!-- Generated by org.testng.reporters.JUnitReportReporter -->
<testsuite hostname="DESKTOP-QVM6J4J" failures="0" tests="3" name="com.Testautomation.TestAutomation_S4" time="67.863" errors="0" timestamp="2023-08-10T09:18:05 IST" skipped="0">
  <testcase classname="com.Testautomation.TestAutomation_S4" name="abc" time="23.353"/>
  <system-out/>
  <testcase classname="com.Testautomation.TestAutomation_S4" name="xyz" time="21.394"/>
  <system-out/>
  <testcase classname="com.Testautomation.TestAutomation_S4" name="pqr" time="23.116"/>
  <system-out/>
</testsuite> <!-- com.Testautomation.TestAutomation_S4 -->
