<?xml version="1.0" encoding="UTF-8"?>
<!-- Generated by org.testng.reporters.JUnitReportReporter -->
<testsuite hostname="DESKTOP-QVM6J4J" failures="0" tests="3" name="com.Testautomation.TestAutomation_S1" time="0.118" errors="0" timestamp="2023-08-09T09:20:31 IST" skipped="0">
  <testcase classname="com.Testautomation.TestAutomation_S1" name="verifyTest1" time="0.116"/>
  <system-out/>
  <testcase classname="com.Testautomation.TestAutomation_S1" name="verifyTest3" time="0.001"/>
  <system-out/>
  <testcase classname="com.Testautomation.TestAutomation_S1" name="verifyTest2" time="0.001"/>
  <system-out/>
</testsuite> <!-- com.Testautomation.TestAutomation_S1 -->
