<?xml version="1.0" encoding="UTF-8"?>
<!-- Generated by org.testng.reporters.JUnitReportReporter -->
<testsuite hostname="DESKTOP-QVM6J4J" failures="0" tests="2" name="com.Testautomation.TestAutomation_S6" time="0.009" errors="0" timestamp="2023-08-10T09:22:30 IST" skipped="0">
  <testcase classname="com.Testautomation.TestAutomation_S6" name="a3" time="0.007"/>
  <system-out/>
  <testcase classname="com.Testautomation.TestAutomation_S6" name="a4" time="0.002"/>
  <system-out/>
</testsuite> <!-- com.Testautomation.TestAutomation_S6 -->
