<?xml version="1.0" encoding="UTF-8"?>
<!-- Generated by org.testng.reporters.JUnitReportReporter -->
<testsuite hostname="DESKTOP-QVM6J4J" failures="0" tests="3" name="com.Testautomation.TestAutomation_S3" time="62.553" errors="0" timestamp="2023-08-09T09:20:31 IST" skipped="0">
  <testcase classname="com.Testautomation.TestAutomation_S3" name="abc" time="20.412"/>
  <system-out/>
  <testcase classname="com.Testautomation.TestAutomation_S3" name="VerifyTest2" time="21.420"/>
  <system-out/>
  <testcase classname="com.Testautomation.TestAutomation_S3" name="VerifyTest1" time="20.721"/>
  <system-out/>
</testsuite> <!-- com.Testautomation.TestAutomation_S3 -->
