<?xml version="1.0" encoding="UTF-8"?>
<!-- Generated by org.testng.reporters.JUnitReportReporter -->
<testsuite hostname="DESKTOP-QVM6J4J" failures="0" tests="3" name="com.Testautomation.TestAutomation_S3" time="64.506" errors="0" timestamp="2023-08-10T09:18:05 IST" skipped="0">
  <testcase classname="com.Testautomation.TestAutomation_S3" name="VerifyTest2" time="21.439"/>
  <system-out/>
  <testcase classname="com.Testautomation.TestAutomation_S3" name="abc" time="21.709"/>
  <system-out/>
  <testcase classname="com.Testautomation.TestAutomation_S3" name="VerifyTest1" time="21.358"/>
  <system-out/>
</testsuite> <!-- com.Testautomation.TestAutomation_S3 -->
