<?xml version="1.0" encoding="UTF-8"?>
<!-- Generated by org.testng.reporters.JUnitReportReporter -->
<testsuite hostname="DESKTOP-QVM6J4J" failures="0" tests="6" name="com.Testautomation.TestAutomation_S5" time="0.007" errors="0" timestamp="2023-08-10T09:18:05 IST" skipped="1">
  <testcase classname="com.Testautomation.TestAutomation_S5" name="m2" time="0.001"/>
  <system-out/>
  <testcase classname="com.Testautomation.TestAutomation_S5" name="m2" time="0.001"/>
  <system-out/>
  <testcase classname="com.Testautomation.TestAutomation_S5" name="m4" time="0.001"/>
  <system-out/>
  <testcase classname="com.Testautomation.TestAutomation_S5" name="m2" time="0.000"/>
  <system-out/>
  <testcase classname="com.Testautomation.TestAutomation_S5" name="m1" time="0.004"/>
  <system-out/>
  <testcase classname="com.Testautomation.TestAutomation_S5" name="m3">
    <skipped/>
  </testcase> <!-- m3 -->
  <system-out/>
</testsuite> <!-- com.Testautomation.TestAutomation_S5 -->
