<?xml version="1.0" encoding="UTF-8"?>
<!-- Generated by org.testng.reporters.JUnitReportReporter -->
<testsuite hostname="DESKTOP-QVM6J4J" failures="0" tests="3" name="com.Testautomation.TestAutomation_S2" time="0.030" errors="0" timestamp="2023-08-09T09:20:31 IST" skipped="0">
  <testcase classname="com.Testautomation.TestAutomation_S2" name="test2" time="0.018"/>
  <system-out/>
  <testcase classname="com.Testautomation.TestAutomation_S2" name="test1" time="0.005"/>
  <system-out/>
  <testcase classname="com.Testautomation.TestAutomation_S2" name="test3" time="0.007"/>
  <system-out/>
</testsuite> <!-- com.Testautomation.TestAutomation_S2 -->
