<?xml version="1.0" encoding="UTF-8"?>
<!-- Generated by org.testng.reporters.JUnitReportReporter -->
<testsuite hostname="DESKTOP-QVM6J4J" failures="0" tests="3" name="com.Testautomation.TestAutomation_S3" time="65.274" errors="0" timestamp="2023-08-08T09:13:08 IST" skipped="0">
  <testcase classname="com.Testautomation.TestAutomation_S3" name="VerifyTest1" time="21.856"/>
  <system-out/>
  <testcase classname="com.Testautomation.TestAutomation_S3" name="abc" time="21.227"/>
  <system-out/>
  <testcase classname="com.Testautomation.TestAutomation_S3" name="VerifyTest2" time="22.191"/>
  <system-out/>
</testsuite> <!-- com.Testautomation.TestAutomation_S3 -->
