<?xml version="1.0" encoding="UTF-8"?>
<!-- Generated by org.testng.reporters.JUnitReportReporter -->
<testsuite hostname="LAPTOP-N0ARKAVC" failures="0" tests="1" name="com.LoginTest.test777" time="0.008" errors="0" timestamp="2023-08-22T13:06:27 IST" skipped="0">
  <testcase classname="com.LoginTest.test777" name="verifyTest" time="0.008"/>
</testsuite> <!-- com.LoginTest.test777 -->
